A D/arguments////
A D/content_types////
A D/contexts////
A D/css////
A D/docs////
A D/help////
A D/images////
A D/includes////
A D/js////
A D/layouts////
A D/panels_export////
A D/panels_ipe////
A D/panels_mini////
A D/panels_node////
A D/panels_node_content////
A D/panels_node_legacy////
A D/panels_page////
A D/panels_simple_cache////
A D/panels_stylizer////
A D/panels_views////
A D/panels_views_legacy////
A D/plugins////
A D/po////
A D/relationships////
A D/styles////
A D/templates////
A D/tests////
A D/translations////
R D/tests////
R D/styles////
R D/relationships////
R D/po////
R D/panels_views_legacy////
R D/panels_views////
R D/panels_simple_cache////
R D/panels_page////
R D/panels_node_legacy////
R D/panels_node_content////
R D/panels_ipe////
R D/layouts////
R D/docs////
R D/contexts////
R D/content_types////
R D/arguments////
